<?xml version="1.0" encoding="UTF-8"?>
<coverage generated="1616003069416" clover="3.2.0">
  <project timestamp="1616003069416" name="All files">
    <metrics statements="30" coveredstatements="28" conditionals="4" coveredconditionals="4" methods="11" coveredmethods="8" elements="45" coveredelements="40" complexity="0" loc="30" ncloc="30" packages="1" files="4" classes="4"/>
    <file name="Customer.js" path="/Users/chriswhitehouse/Projects/joi-grad-shopping-cart-javascript/src/model/Customer.js">
      <metrics statements="1" coveredstatements="1" conditionals="0" coveredconditionals="0" methods="1" coveredmethods="1"/>
      <line num="3" count="5" type="stmt"/>
    </file>
    <file name="Order.js" path="/Users/chriswhitehouse/Projects/joi-grad-shopping-cart-javascript/src/model/Order.js">
      <metrics statements="3" coveredstatements="3" conditionals="0" coveredconditionals="0" methods="2" coveredmethods="1"/>
      <line num="3" count="3" type="stmt"/>
      <line num="4" count="3" type="stmt"/>
      <line num="7" count="3" type="stmt"/>
    </file>
    <file name="Product.js" path="/Users/chriswhitehouse/Projects/joi-grad-shopping-cart-javascript/src/model/Product.js">
      <metrics statements="3" coveredstatements="3" conditionals="0" coveredconditionals="0" methods="1" coveredmethods="1"/>
      <line num="3" count="11" type="stmt"/>
      <line num="4" count="11" type="stmt"/>
      <line num="5" count="11" type="stmt"/>
    </file>
    <file name="ShoppingCart.js" path="/Users/chriswhitehouse/Projects/joi-grad-shopping-cart-javascript/src/model/ShoppingCart.js">
      <metrics statements="23" coveredstatements="21" conditionals="4" coveredconditionals="4" methods="7" coveredmethods="5"/>
      <line num="6" count="5" type="stmt"/>
      <line num="7" count="5" type="stmt"/>
      <line num="10" count="5" type="stmt"/>
      <line num="11" count="1" type="stmt"/>
      <line num="14" count="5" type="stmt"/>
      <line num="15" count="1" type="stmt"/>
      <line num="18" count="5" type="stmt"/>
      <line num="19" count="3" type="stmt"/>
      <line num="20" count="3" type="stmt"/>
      <line num="22" count="3" type="stmt"/>
      <line num="23" count="3" type="stmt"/>
      <line num="24" count="3" type="cond" truecount="2" falsecount="0"/>
      <line num="25" count="1" type="stmt"/>
      <line num="26" count="1" type="stmt"/>
      <line num="27" count="2" type="cond" truecount="2" falsecount="0"/>
      <line num="28" count="1" type="stmt"/>
      <line num="29" count="1" type="stmt"/>
      <line num="31" count="1" type="stmt"/>
      <line num="34" count="3" type="stmt"/>
      <line num="37" count="3" type="stmt"/>
      <line num="40" count="5" type="stmt"/>
      <line num="41" count="0" type="stmt"/>
      <line num="42" count="0" type="stmt"/>
    </file>
  </project>
</coverage>
