{"/Users/chriswhitehouse/Projects/joi-grad-shopping-cart-javascript/src/model/Customer.js": {"path":"/Users/chriswhitehouse/Projects/joi-grad-shopping-cart-javascript/src/model/Customer.js","statementMap":{"0":{"start":{"line":3,"column":8},"end":{"line":3,"column":25}}},"fnMap":{"0":{"name":"(anonymous_0)","decl":{"start":{"line":2,"column":4},"end":{"line":2,"column":5}},"loc":{"start":{"line":2,"column":22},"end":{"line":4,"column":5}},"line":2}},"branchMap":{},"s":{"0":5},"f":{"0":5},"b":{},"_coverageSchema":"1a1c01bbd47fc00a2c39e90264f33305004495a9","hash":"43ca49d9a505761226d067497b265f9b1c8388e4"}
,"/Users/chriswhitehouse/Projects/joi-grad-shopping-cart-javascript/src/model/Order.js": {"path":"/Users/chriswhitehouse/Projects/joi-grad-shopping-cart-javascript/src/model/Order.js","statementMap":{"0":{"start":{"line":3,"column":8},"end":{"line":3,"column":37}},"1":{"start":{"line":4,"column":8},"end":{"line":4,"column":43}},"2":{"start":{"line":7,"column":21},"end":{"line":7,"column":126}},"3":{"start":{"line":7,"column":27},"end":{"line":7,"column":126}}},"fnMap":{"0":{"name":"(anonymous_0)","decl":{"start":{"line":2,"column":4},"end":{"line":2,"column":5}},"loc":{"start":{"line":2,"column":43},"end":{"line":5,"column":5}},"line":2},"1":{"name":"(anonymous_1)","decl":{"start":{"line":7,"column":21},"end":{"line":7,"column":22}},"loc":{"start":{"line":7,"column":27},"end":{"line":7,"column":126}},"line":7}},"branchMap":{},"s":{"0":3,"1":3,"2":3,"3":0},"f":{"0":3,"1":0},"b":{},"_coverageSchema":"1a1c01bbd47fc00a2c39e90264f33305004495a9","hash":"eae02c9feb404b912c8fd9da732622d79b3d8ae5"}
,"/Users/chriswhitehouse/Projects/joi-grad-shopping-cart-javascript/src/model/Product.js": {"path":"/Users/chriswhitehouse/Projects/joi-grad-shopping-cart-javascript/src/model/Product.js","statementMap":{"0":{"start":{"line":3,"column":8},"end":{"line":3,"column":27}},"1":{"start":{"line":4,"column":8},"end":{"line":4,"column":25}},"2":{"start":{"line":5,"column":8},"end":{"line":5,"column":25}}},"fnMap":{"0":{"name":"(anonymous_0)","decl":{"start":{"line":2,"column":4},"end":{"line":2,"column":5}},"loc":{"start":{"line":2,"column":35},"end":{"line":6,"column":5}},"line":2}},"branchMap":{},"s":{"0":11,"1":11,"2":11},"f":{"0":11},"b":{},"_coverageSchema":"1a1c01bbd47fc00a2c39e90264f33305004495a9","hash":"b26c25b96b4f068741b80675c9a84b5356150929"}
,"/Users/chriswhitehouse/Projects/joi-grad-shopping-cart-javascript/src/model/ShoppingCart.js": {"path":"/Users/chriswhitehouse/Projects/joi-grad-shopping-cart-javascript/src/model/ShoppingCart.js","statementMap":{"0":{"start":{"line":6,"column":8},"end":{"line":6,"column":33}},"1":{"start":{"line":7,"column":8},"end":{"line":7,"column":33}},"2":{"start":{"line":10,"column":17},"end":{"line":12,"column":5}},"3":{"start":{"line":11,"column":8},"end":{"line":11,"column":36}},"4":{"start":{"line":14,"column":20},"end":{"line":16,"column":5}},"5":{"start":{"line":15,"column":8},"end":{"line":15,"column":41}},"6":{"start":{"line":18,"column":15},"end":{"line":38,"column":5}},"7":{"start":{"line":19,"column":25},"end":{"line":19,"column":26}},"8":{"start":{"line":20,"column":34},"end":{"line":20,"column":35}},"9":{"start":{"line":22,"column":8},"end":{"line":35,"column":11}},"10":{"start":{"line":23,"column":27},"end":{"line":23,"column":28}},"11":{"start":{"line":24,"column":12},"end":{"line":32,"column":13}},"12":{"start":{"line":25,"column":16},"end":{"line":25,"column":47}},"13":{"start":{"line":26,"column":16},"end":{"line":26,"column":58}},"14":{"start":{"line":27,"column":19},"end":{"line":32,"column":13}},"15":{"start":{"line":28,"column":16},"end":{"line":28,"column":48}},"16":{"start":{"line":29,"column":16},"end":{"line":29,"column":58}},"17":{"start":{"line":31,"column":16},"end":{"line":31,"column":57}},"18":{"start":{"line":34,"column":12},"end":{"line":34,"column":51}},"19":{"start":{"line":37,"column":8},"end":{"line":37,"column":58}},"20":{"start":{"line":40,"column":21},"end":{"line":43,"column":5}},"21":{"start":{"line":41,"column":8},"end":{"line":42,"column":94}},"22":{"start":{"line":42,"column":51},"end":{"line":42,"column":81}}},"fnMap":{"0":{"name":"(anonymous_0)","decl":{"start":{"line":5,"column":4},"end":{"line":5,"column":5}},"loc":{"start":{"line":5,"column":36},"end":{"line":8,"column":5}},"line":5},"1":{"name":"(anonymous_1)","decl":{"start":{"line":10,"column":17},"end":{"line":10,"column":18}},"loc":{"start":{"line":10,"column":30},"end":{"line":12,"column":5}},"line":10},"2":{"name":"(anonymous_2)","decl":{"start":{"line":14,"column":20},"end":{"line":14,"column":21}},"loc":{"start":{"line":14,"column":33},"end":{"line":16,"column":5}},"line":14},"3":{"name":"(anonymous_3)","decl":{"start":{"line":18,"column":15},"end":{"line":18,"column":16}},"loc":{"start":{"line":18,"column":21},"end":{"line":38,"column":5}},"line":18},"4":{"name":"(anonymous_4)","decl":{"start":{"line":22,"column":30},"end":{"line":22,"column":31}},"loc":{"start":{"line":22,"column":41},"end":{"line":35,"column":9}},"line":22},"5":{"name":"(anonymous_5)","decl":{"start":{"line":40,"column":21},"end":{"line":40,"column":22}},"loc":{"start":{"line":40,"column":28},"end":{"line":43,"column":5}},"line":40},"6":{"name":"(anonymous_6)","decl":{"start":{"line":42,"column":46},"end":{"line":42,"column":47}},"loc":{"start":{"line":42,"column":51},"end":{"line":42,"column":81}},"line":42}},"branchMap":{"0":{"loc":{"start":{"line":24,"column":12},"end":{"line":32,"column":13}},"type":"if","locations":[{"start":{"line":24,"column":12},"end":{"line":32,"column":13}},{"start":{"line":24,"column":12},"end":{"line":32,"column":13}}],"line":24},"1":{"loc":{"start":{"line":27,"column":19},"end":{"line":32,"column":13}},"type":"if","locations":[{"start":{"line":27,"column":19},"end":{"line":32,"column":13}},{"start":{"line":27,"column":19},"end":{"line":32,"column":13}}],"line":27}},"s":{"0":5,"1":5,"2":5,"3":1,"4":5,"5":1,"6":5,"7":3,"8":3,"9":3,"10":3,"11":3,"12":1,"13":1,"14":2,"15":1,"16":1,"17":1,"18":3,"19":3,"20":5,"21":0,"22":0},"f":{"0":5,"1":1,"2":1,"3":3,"4":3,"5":0,"6":0},"b":{"0":[1,2],"1":[1,1]},"_coverageSchema":"1a1c01bbd47fc00a2c39e90264f33305004495a9","hash":"5b2aac67a36467ac7fe56118d0488eff1814494b"}
}
